[debug] [2026-01-31T17:20:26.038Z] ----------------------------------------------------------------------
[debug] [2026-01-31T17:20:26.091Z] Command:       C:\Program Files\nodejs\node.exe C:\Users\USER\AppData\Roaming\npm\node_modules\firebase-tools\lib\bin\firebase.js init
[debug] [2026-01-31T17:20:26.092Z] CLI Version:   15.1.0
[debug] [2026-01-31T17:20:26.093Z] Platform:      win32
[debug] [2026-01-31T17:20:26.093Z] Node Version:  v22.15.0
[debug] [2026-01-31T17:20:26.094Z] Time:          Sat Jan 31 2026 18:20:26 GMT+0100 (West Africa Standard Time)
[debug] [2026-01-31T17:20:26.095Z] ----------------------------------------------------------------------
[debug] 
[info] 
     ######## #### ########  ######## ########     ###     ######  ########
     ##        ##  ##     ## ##       ##     ##  ##   ##  ##       ##
     ######    ##  ########  ######   ########  #########  ######  ######
     ##        ##  ##    ##  ##       ##     ## ##     ##       ## ##
     ##       #### ##     ## ######## ########  ##     ##  ######  ########

You're about to initialize a Firebase project in this directory:

  C:\Users\USER\Moviez

[info] 
=== Project Setup
[info] 
[info] First, let's associate this project directory with a Firebase project.
[info] You can create multiple project aliases by running firebase use --add, 
[info] 
[debug] [2026-01-31T17:20:45.724Z] > command requires scopes: ["email","openid","https://www.googleapis.com/auth/cloudplatformprojects.readonly","https://www.googleapis.com/auth/firebase","https://www.googleapis.com/auth/cloud-platform"]
[debug] [2026-01-31T17:20:45.724Z] > authorizing via signed-in user (deborah1488ali@gmail.com)
[debug] [2026-01-31T17:20:45.727Z] Checked if tokens are valid: true, expires at: 1769881449636
[debug] [2026-01-31T17:20:45.728Z] Checked if tokens are valid: true, expires at: 1769881449636
[debug] [2026-01-31T17:20:45.734Z] >>> [apiv2][query] GET https://firebase.googleapis.com/v1beta1/projects/moviez-61b7f [none]
[debug] [2026-01-31T17:20:57.720Z] *** [apiv2] error from fetch(https://firebase.googleapis.com/v1beta1/projects/moviez-61b7f, {"headers":{},"method":"GET","signal":{"reason":""}}): FetchError: request to https://firebase.googleapis.com/v1beta1/projects/moviez-61b7f failed, reason: getaddrinfo ENOTFOUND firebase.googleapis.com
[debug] [2026-01-31T17:20:57.720Z] Failed to make request to https://firebase.googleapis.com/v1beta1/projects/moviez-61b7f (original: request to https://firebase.googleapis.com/v1beta1/projects/moviez-61b7f failed, reason: getaddrinfo ENOTFOUND firebase.googleapis.com)
[debug] [2026-01-31T17:21:02.746Z] Error: Timed out.
    at Timeout._onTimeout (C:\Users\USER\AppData\Roaming\npm\node_modules\firebase-tools\lib\utils.js:275:49)
    at listOnTimeout (node:internal/timers:588:17)
    at process.processTimers (node:internal/timers:523:7)
[error] 
[error] Error: An unexpected error has occurred.
[debug] [2026-01-31T17:21:40.986Z] ----------------------------------------------------------------------
[debug] [2026-01-31T17:21:41.034Z] Command:       C:\Program Files\nodejs\node.exe C:\Users\USER\AppData\Roaming\npm\node_modules\firebase-tools\lib\bin\firebase.js init
[debug] [2026-01-31T17:21:41.036Z] CLI Version:   15.1.0
[debug] [2026-01-31T17:21:41.036Z] Platform:      win32
[debug] [2026-01-31T17:21:41.037Z] Node Version:  v22.15.0
[debug] [2026-01-31T17:21:41.047Z] Time:          Sat Jan 31 2026 18:21:41 GMT+0100 (West Africa Standard Time)
[debug] [2026-01-31T17:21:41.048Z] ----------------------------------------------------------------------
[debug] 
[info] 
     ######## #### ########  ######## ########     ###     ######  ########
     ##        ##  ##     ## ##       ##     ##  ##   ##  ##       ##
     ######    ##  ########  ######   ########  #########  ######  ######
     ##        ##  ##    ##  ##       ##     ## ##     ##       ## ##
     ##       #### ##     ## ######## ########  ##     ##  ######  ########

You're about to initialize a Firebase project in this directory:

  C:\Users\USER\Moviez

[info] 
=== Project Setup
[info] 
[info] First, let's associate this project directory with a Firebase project.
[info] You can create multiple project aliases by running firebase use --add, 
[info] 
[debug] [2026-01-31T17:21:55.937Z] > command requires scopes: ["email","openid","https://www.googleapis.com/auth/cloudplatformprojects.readonly","https://www.googleapis.com/auth/firebase","https://www.googleapis.com/auth/cloud-platform"]
[debug] [2026-01-31T17:21:55.938Z] > authorizing via signed-in user (deborah1488ali@gmail.com)
[debug] [2026-01-31T17:21:55.941Z] Checked if tokens are valid: true, expires at: 1769881449636
[debug] [2026-01-31T17:21:55.942Z] Checked if tokens are valid: true, expires at: 1769881449636
[debug] [2026-01-31T17:21:55.945Z] >>> [apiv2][query] GET https://firebase.googleapis.com/v1beta1/projects/moviez-61b7f [none]
[debug] [2026-01-31T17:21:57.035Z] <<< [apiv2][status] GET https://firebase.googleapis.com/v1beta1/projects/moviez-61b7f 200
[debug] [2026-01-31T17:21:57.038Z] <<< [apiv2][body] GET https://firebase.googleapis.com/v1beta1/projects/moviez-61b7f {"projectId":"moviez-61b7f","projectNumber":"879883215488","displayName":"Moviez","name":"projects/moviez-61b7f","resources":{"hostingSite":"moviez-61b7f"},"state":"ACTIVE","etag":"1_c32de028-1b25-4f9f-9283-e910d64aa4b7"}
[info] i  Using project moviez-61b7f (Moviez) . 
[info] 
=== Hosting Setup
[debug] [2026-01-31T17:21:57.084Z] Checked if tokens are valid: true, expires at: 1769881449636
[debug] [2026-01-31T17:21:57.085Z] Checked if tokens are valid: true, expires at: 1769881449636
[debug] [2026-01-31T17:21:57.085Z] >>> [apiv2][query] GET https://firebase.googleapis.com/v1beta1/projects/moviez-61b7f [none]
[debug] [2026-01-31T17:22:01.088Z] <<< [apiv2][status] GET https://firebase.googleapis.com/v1beta1/projects/moviez-61b7f 200
[debug] [2026-01-31T17:22:01.089Z] <<< [apiv2][body] GET https://firebase.googleapis.com/v1beta1/projects/moviez-61b7f {"projectId":"moviez-61b7f","projectNumber":"879883215488","displayName":"Moviez","name":"projects/moviez-61b7f","resources":{"hostingSite":"moviez-61b7f"},"state":"ACTIVE","etag":"1_c32de028-1b25-4f9f-9283-e910d64aa4b7"}
[info] 
[info] Your public directory is the folder (relative to your project directory) that
[info] will contain Hosting assets to be uploaded with firebase deploy. If you
[info] have a build process for your assets, use your build's output directory.
[info] 
[info] 
[info] i  Didn't detect a .git folder. Assuming C:\Users\USER\Moviez is the project root. 
[info] i  Authorizing with GitHub to upload your service account to a GitHub repository's secrets store. 
[info] 
[info] Visit this URL on this device to log in:
[info] https://github.com/login/oauth/authorize?client_id=89cf50f02ac6aaed3484&state=212365000&redirect_uri=http%3A%2F%2Flocalhost%3A9005&scope=read%3Auser%20repo%20public_repo
[info] 
[info] Waiting for authentication...
[debug] [2026-01-31T17:22:22.713Z] >>> [apiv2][query] POST https://github.com/login/oauth/access_token [none]
[debug] [2026-01-31T17:22:22.714Z] >>> [apiv2][body] POST https://github.com/login/oauth/access_token [stream]
[debug] [2026-01-31T17:22:24.352Z] <<< [apiv2][status] POST https://github.com/login/oauth/access_token 200
[debug] [2026-01-31T17:22:24.353Z] <<< [apiv2][body] POST https://github.com/login/oauth/access_token {"access_token":"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","token_type":"bearer","scope":"read:user,repo"}
[debug] [2026-01-31T17:22:24.369Z] >>> [apiv2][query] GET https://api.github.com/user [none]
[debug] [2026-01-31T17:22:25.835Z] <<< [apiv2][status] GET https://api.github.com/user 200
[debug] [2026-01-31T17:22:25.835Z] <<< [apiv2][body] GET https://api.github.com/user {"login":"TK-Smith","id":252448216,"node_id":"U_kgDODwwN2A","avatar_url":"https://avatars.githubusercontent.com/u/252448216?v=4","gravatar_id":"","url":"https://api.github.com/users/TK-Smith","html_url":"https://github.com/TK-Smith","followers_url":"https://api.github.com/users/TK-Smith/followers","following_url":"https://api.github.com/users/TK-Smith/following{/other_user}","gists_url":"https://api.github.com/users/TK-Smith/gists{/gist_id}","starred_url":"https://api.github.com/users/TK-Smith/starred{/owner}{/repo}","subscriptions_url":"https://api.github.com/users/TK-Smith/subscriptions","organizations_url":"https://api.github.com/users/TK-Smith/orgs","repos_url":"https://api.github.com/users/TK-Smith/repos","events_url":"https://api.github.com/users/TK-Smith/events{/privacy}","received_events_url":"https://api.github.com/users/TK-Smith/received_events","type":"User","user_view_type":"private","site_admin":false,"name":null,"company":null,"blog":"","location":null,"email":null,"hireable":null,"bio":null,"twitter_username":null,"notification_email":null,"public_repos":2,"public_gists":0,"followers":0,"following":0,"created_at":"2026-01-01T12:49:24Z","updated_at":"2026-01-31T16:52:22Z","private_gists":0,"total_private_repos":0,"owned_private_repos":0,"disk_usage":239,"collaborators":0,"two_factor_authentication":false,"plan":{"name":"free","space":976562499,"collaborators":0,"private_repos":10000}}
[info] 
[info] +  Success! Logged into GitHub as TK-Smith 
[info] 
[debug] [2026-01-31T17:24:01.501Z] >>> [apiv2][query] GET https://api.github.com/repos/Tk-Smith/Moviez/actions/secrets/public-key type=owner
[debug] [2026-01-31T17:24:01.525Z] *** [apiv2] error from fetch(https://api.github.com/repos/Tk-Smith/Moviez/actions/secrets/public-key?type=owner, {"headers":{},"method":"GET"}): FetchError: request to https://api.github.com/repos/Tk-Smith/Moviez/actions/secrets/public-key?type=owner failed, reason: getaddrinfo ENOTFOUND api.github.com
[debug] [2026-01-31T18:04:10.080Z] >>> [apiv2][query] GET https://api.github.com/repos/Tk-Smith/Moviez/actions/secrets/public-key type=owner
[debug] [2026-01-31T18:04:10.212Z] *** [apiv2] error from fetch(https://api.github.com/repos/Tk-Smith/Moviez/actions/secrets/public-key?type=owner, {"headers":{},"method":"GET"}): FetchError: request to https://api.github.com/repos/Tk-Smith/Moviez/actions/secrets/public-key?type=owner failed, reason: getaddrinfo ENOTFOUND api.github.com
[debug] [2026-01-31T18:04:12.873Z] >>> [apiv2][query] GET https://api.github.com/repos/Tk-Smith/Movie/actions/secrets/public-key type=owner
[debug] [2026-01-31T18:04:12.911Z] *** [apiv2] error from fetch(https://api.github.com/repos/Tk-Smith/Movie/actions/secrets/public-key?type=owner, {"headers":{},"method":"GET"}): FetchError: request to https://api.github.com/repos/Tk-Smith/Movie/actions/secrets/public-key?type=owner failed, reason: getaddrinfo ENOTFOUND api.github.com
[debug] [2026-01-31T18:04:15.270Z] >>> [apiv2][query] GET https://api.github.com/repos/Tk-Smith/Moviez/actions/secrets/public-key type=owner
[debug] [2026-01-31T18:04:15.322Z] *** [apiv2] error from fetch(https://api.github.com/repos/Tk-Smith/Moviez/actions/secrets/public-key?type=owner, {"headers":{},"method":"GET"}): FetchError: request to https://api.github.com/repos/Tk-Smith/Moviez/actions/secrets/public-key?type=owner failed, reason: getaddrinfo ENOTFOUND api.github.com
